2026-06-13 08:18:18 | train_stone_recon | Logging to console and volume_training_output/training.log
2026-06-13 08:18:18 | train_stone_recon | Train stones: ['stone_01', 'stone_02', 'stone_03', 'stone_04', 'stone_05', 'stone_06', 'stone_07', 'stone_08', 'stone_09', 'stone_10']
2026-06-13 08:18:18 | train_stone_recon | Val stones:   ['stone_11', 'stone_12']
2026-06-13 08:18:20 | stone3d_neural.geometry | Intrinsics for stone_01: fx=3890.37 fy=3890.37 cx=512.00 cy=288.00 (W=1024 H=576)
2026-06-13 08:18:20 | stone3d_neural.geometry | Intrinsics for stone_02: fx=3890.37 fy=3890.37 cx=512.00 cy=288.00 (W=1024 H=576)
2026-06-13 08:18:20 | stone3d_neural.geometry | Intrinsics for stone_03: fx=3890.37 fy=3890.37 cx=512.00 cy=288.00 (W=1024 H=576)
2026-06-13 08:18:20 | stone3d_neural.geometry | Intrinsics for stone_04: fx=3890.37 fy=3890.37 cx=512.00 cy=288.00 (W=1024 H=576)
2026-06-13 08:18:20 | stone3d_neural.geometry | Intrinsics for stone_05: fx=3890.37 fy=3890.37 cx=512.00 cy=288.00 (W=1024 H=576)
2026-06-13 08:18:20 | stone3d_neural.geometry | Intrinsics for stone_06: fx=3890.37 fy=3890.37 cx=512.00 cy=288.00 (W=1024 H=576)
2026-06-13 08:18:20 | stone3d_neural.geometry | Intrinsics for stone_07: fx=3890.37 fy=3890.37 cx=512.00 cy=288.00 (W=1024 H=576)
2026-06-13 08:18:20 | stone3d_neural.geometry | Intrinsics for stone_08: fx=3890.37 fy=3890.37 cx=512.00 cy=288.00 (W=1024 H=576)
2026-06-13 08:18:20 | stone3d_neural.geometry | Intrinsics for stone_09: fx=3890.37 fy=3890.37 cx=512.00 cy=288.00 (W=1024 H=576)
2026-06-13 08:18:20 | stone3d_neural.geometry | Intrinsics for stone_10: fx=3890.37 fy=3890.37 cx=512.00 cy=288.00 (W=1024 H=576)
2026-06-13 08:18:20 | volume_estimation.dataset | GT cloud stone_01: loaded from cache (8192 pts)
2026-06-13 08:18:20 | volume_estimation.dataset | GT cloud stone_02: loaded from cache (8192 pts)
2026-06-13 08:18:20 | volume_estimation.dataset | GT cloud stone_03: loaded from cache (8192 pts)
2026-06-13 08:18:20 | volume_estimation.dataset | GT cloud stone_04: loaded from cache (8192 pts)
2026-06-13 08:18:20 | volume_estimation.dataset | GT cloud stone_05: loaded from cache (8192 pts)
2026-06-13 08:18:20 | volume_estimation.dataset | GT cloud stone_06: loaded from cache (8192 pts)
2026-06-13 08:18:20 | volume_estimation.dataset | GT cloud stone_07: loaded from cache (8192 pts)
2026-06-13 08:18:20 | volume_estimation.dataset | GT cloud stone_08: loaded from cache (8192 pts)
2026-06-13 08:18:20 | volume_estimation.dataset | GT cloud stone_09: loaded from cache (8192 pts)
2026-06-13 08:18:20 | volume_estimation.dataset | GT cloud stone_10: loaded from cache (8192 pts)
2026-06-13 08:18:20 | stone3d_neural.geometry | Intrinsics for stone_11: fx=3890.37 fy=3890.37 cx=512.00 cy=288.00 (W=1024 H=576)
2026-06-13 08:18:20 | stone3d_neural.geometry | Intrinsics for stone_12: fx=3890.37 fy=3890.37 cx=512.00 cy=288.00 (W=1024 H=576)
2026-06-13 08:18:20 | volume_estimation.dataset | GT cloud stone_11: loaded from cache (8192 pts)
2026-06-13 08:18:20 | volume_estimation.dataset | GT cloud stone_12: loaded from cache (8192 pts)
2026-06-13 08:18:20 | train_stone_recon | Model parameters: {'encoder': 280384, 'seg_head': 41601, 'multi_view_attn': 7110144, 'flow_head': 125059, 'total': 7660252}
2026-06-13 08:18:20 | train_stone_recon | Loss weights -- seg: 1.000, flow: 1.000, chamfer: 0.500
2026-06-13 08:20:30 | train_stone_recon | Epoch    0  train/loss=1.1821  train/flow_loss=0.5316  train/seg_loss=0.6288  train/chamfer_loss=0.0434  train/seg_iou=0.3704  train/seg_f1=0.5406
2026-06-13 08:22:32 | train_stone_recon | Epoch    1  train/loss=0.7740  train/flow_loss=0.2391  train/seg_loss=0.5250  train/chamfer_loss=0.0196  train/seg_iou=0.4283  train/seg_f1=0.5998
2026-06-13 08:24:37 | train_stone_recon | Epoch    2  train/loss=0.4876  train/flow_loss=0.1490  train/seg_loss=0.3350  train/chamfer_loss=0.0073  train/seg_iou=0.6043  train/seg_f1=0.7533
2026-06-13 08:26:42 | train_stone_recon | Epoch    3  train/loss=0.3638  train/flow_loss=0.0603  train/seg_loss=0.3003  train/chamfer_loss=0.0063  train/seg_iou=0.6845  train/seg_f1=0.8127
2026-06-13 08:29:05 | train_stone_recon | Epoch    4  train/loss=0.5660  train/flow_loss=0.3128  train/seg_loss=0.2497  train/chamfer_loss=0.0071  train/seg_iou=0.5098  train/seg_f1=0.6753  val/loss=1.1523  val/flow_loss=0.0651  val/seg_iou=0.1388
2026-06-13 08:31:07 | train_stone_recon | Epoch    5  train/loss=0.4235  train/flow_loss=0.2073  train/seg_loss=0.2133  train/chamfer_loss=0.0057  train/seg_iou=0.6531  train/seg_f1=0.7902  val/loss=1.1523  val/flow_loss=0.0651  val/seg_iou=0.1388
2026-06-13 08:33:12 | train_stone_recon | Epoch    6  train/loss=0.2835  train/flow_loss=0.0532  train/seg_loss=0.2272  train/chamfer_loss=0.0063  train/seg_iou=0.6714  train/seg_f1=0.8034  val/loss=1.1523  val/flow_loss=0.0651  val/seg_iou=0.1388
2026-06-13 08:35:16 | train_stone_recon | Epoch    7  train/loss=0.3364  train/flow_loss=0.1400  train/seg_loss=0.1935  train/chamfer_loss=0.0057  train/seg_iou=0.7177  train/seg_f1=0.8357  val/loss=1.1523  val/flow_loss=0.0651  val/seg_iou=0.1388
2026-06-13 08:37:16 | train_stone_recon | Epoch    8  train/loss=0.1965  train/flow_loss=0.0252  train/seg_loss=0.1687  train/chamfer_loss=0.0053  train/seg_iou=0.7262  train/seg_f1=0.8414  val/loss=1.1523  val/flow_loss=0.0651  val/seg_iou=0.1388
2026-06-13 08:39:47 | train_stone_recon | Epoch    9  train/loss=0.2174  train/flow_loss=0.0493  train/seg_loss=0.1657  train/chamfer_loss=0.0049  train/seg_iou=0.4177  train/seg_f1=0.5892  val/loss=3.8409  val/flow_loss=0.0585  val/seg_iou=0.0167
2026-06-13 08:41:48 | train_stone_recon | Epoch   10  train/loss=0.2025  train/flow_loss=0.0174  train/seg_loss=0.1827  train/chamfer_loss=0.0048  train/seg_iou=0.6761  train/seg_f1=0.8067  val/loss=3.8409  val/flow_loss=0.0585  val/seg_iou=0.0167
2026-06-13 08:43:51 | train_stone_recon | Epoch   11  train/loss=0.1955  train/flow_loss=0.0138  train/seg_loss=0.1792  train/chamfer_loss=0.0050  train/seg_iou=0.5846  train/seg_f1=0.7378  val/loss=3.8409  val/flow_loss=0.0585  val/seg_iou=0.0167
2026-06-13 08:45:56 | train_stone_recon | Epoch   12  train/loss=0.1986  train/flow_loss=0.0196  train/seg_loss=0.1758  train/chamfer_loss=0.0064  train/seg_iou=0.7727  train/seg_f1=0.8718  val/loss=3.8409  val/flow_loss=0.0585  val/seg_iou=0.0167
2026-06-13 08:48:01 | train_stone_recon | Epoch   13  train/loss=0.3357  train/flow_loss=0.1367  train/seg_loss=0.1965  train/chamfer_loss=0.0050  train/seg_iou=0.5059  train/seg_f1=0.6719  val/loss=3.8409  val/flow_loss=0.0585  val/seg_iou=0.0167
2026-06-13 08:50:19 | train_stone_recon | Epoch   14  train/loss=0.2280  train/flow_loss=0.0277  train/seg_loss=0.1977  train/chamfer_loss=0.0052  train/seg_iou=0.4967  train/seg_f1=0.6637  val/loss=3.6379  val/flow_loss=0.0501  val/seg_iou=0.0000
2026-06-13 08:52:22 | train_stone_recon | Epoch   15  train/loss=0.1851  train/flow_loss=0.0485  train/seg_loss=0.1336  train/chamfer_loss=0.0058  train/seg_iou=0.5634  train/seg_f1=0.7207  val/loss=3.6379  val/flow_loss=0.0501  val/seg_iou=0.0000
2026-06-13 08:54:31 | train_stone_recon | Epoch   16  train/loss=0.4204  train/flow_loss=0.2573  train/seg_loss=0.1605  train/chamfer_loss=0.0053  train/seg_iou=0.6489  train/seg_f1=0.7870  val/loss=3.6379  val/flow_loss=0.0501  val/seg_iou=0.0000
2026-06-13 08:56:36 | train_stone_recon | Epoch   17  train/loss=0.2641  train/flow_loss=0.0382  train/seg_loss=0.2236  train/chamfer_loss=0.0048  train/seg_iou=0.4929  train/seg_f1=0.6604  val/loss=3.6379  val/flow_loss=0.0501  val/seg_iou=0.0000
2026-06-13 08:58:40 | train_stone_recon | Epoch   18  train/loss=0.1576  train/flow_loss=0.0030  train/seg_loss=0.1513  train/chamfer_loss=0.0065  train/seg_iou=0.5906  train/seg_f1=0.7426  val/loss=3.6379  val/flow_loss=0.0501  val/seg_iou=0.0000
2026-06-13 09:01:05 | train_stone_recon | Epoch   19  train/loss=0.2818  train/flow_loss=0.0317  train/seg_loss=0.2474  train/chamfer_loss=0.0053  train/seg_iou=0.7331  train/seg_f1=0.8460  val/loss=2.8137  val/flow_loss=0.0461  val/seg_iou=0.0222
2026-06-13 09:03:08 | train_stone_recon | Epoch   20  train/loss=0.1716  train/flow_loss=0.0123  train/seg_loss=0.1562  train/chamfer_loss=0.0063  train/seg_iou=0.6608  train/seg_f1=0.7957  val/loss=2.8137  val/flow_loss=0.0461  val/seg_iou=0.0222
2026-06-13 09:05:09 | train_stone_recon | Epoch   21  train/loss=0.3607  train/flow_loss=0.2063  train/seg_loss=0.1523  train/chamfer_loss=0.0042  train/seg_iou=0.6385  train/seg_f1=0.7794  val/loss=2.8137  val/flow_loss=0.0461  val/seg_iou=0.0222
2026-06-13 09:07:14 | train_stone_recon | Epoch   22  train/loss=0.2048  train/flow_loss=0.0310  train/seg_loss=0.1710  train/chamfer_loss=0.0057  train/seg_iou=0.6934  train/seg_f1=0.8189  val/loss=2.8137  val/flow_loss=0.0461  val/seg_iou=0.0222
2026-06-13 09:09:13 | train_stone_recon | Epoch   23  train/loss=0.1374  train/flow_loss=0.0119  train/seg_loss=0.1229  train/chamfer_loss=0.0052  train/seg_iou=0.6697  train/seg_f1=0.8022  val/loss=2.8137  val/flow_loss=0.0461  val/seg_iou=0.0222
2026-06-13 09:11:33 | train_stone_recon | Epoch   24  train/loss=0.1340  train/flow_loss=0.0064  train/seg_loss=0.1242  train/chamfer_loss=0.0069  train/seg_iou=0.7643  train/seg_f1=0.8664  val/loss=9.0652  val/flow_loss=0.0321  val/seg_iou=0.0015
2026-06-13 09:13:35 | train_stone_recon | Epoch   25  train/loss=0.1552  train/flow_loss=0.0175  train/seg_loss=0.1351  train/chamfer_loss=0.0051  train/seg_iou=0.5834  train/seg_f1=0.7369  val/loss=9.0652  val/flow_loss=0.0321  val/seg_iou=0.0015
2026-06-13 09:15:42 | train_stone_recon | Epoch   26  train/loss=0.1189  train/flow_loss=0.0096  train/seg_loss=0.1074  train/chamfer_loss=0.0037  train/seg_iou=0.5974  train/seg_f1=0.7480  val/loss=9.0652  val/flow_loss=0.0321  val/seg_iou=0.0015
2026-06-13 09:17:47 | train_stone_recon | Epoch   27  train/loss=0.1694  train/flow_loss=0.0293  train/seg_loss=0.1380  train/chamfer_loss=0.0042  train/seg_iou=0.7880  train/seg_f1=0.8814  val/loss=9.0652  val/flow_loss=0.0321  val/seg_iou=0.0015
2026-06-13 09:19:49 | train_stone_recon | Epoch   28  train/loss=0.1255  train/flow_loss=0.0043  train/seg_loss=0.1186  train/chamfer_loss=0.0052  train/seg_iou=0.6608  train/seg_f1=0.7957  val/loss=9.0652  val/flow_loss=0.0321  val/seg_iou=0.0015
2026-06-13 09:22:11 | train_stone_recon | Epoch   29  train/loss=0.1840  train/flow_loss=0.0069  train/seg_loss=0.1747  train/chamfer_loss=0.0047  train/seg_iou=0.7076  train/seg_f1=0.8287  val/loss=4.9532  val/flow_loss=0.0324  val/seg_iou=0.0002
2026-06-13 09:24:15 | train_stone_recon | Epoch   30  train/loss=0.1641  train/flow_loss=0.0084  train/seg_loss=0.1536  train/chamfer_loss=0.0043  train/seg_iou=0.7603  train/seg_f1=0.8638  val/loss=4.9532  val/flow_loss=0.0324  val/seg_iou=0.0002
2026-06-13 09:26:21 | train_stone_recon | Epoch   31  train/loss=0.1580  train/flow_loss=0.0037  train/seg_loss=0.1521  train/chamfer_loss=0.0043  train/seg_iou=0.7103  train/seg_f1=0.8306  val/loss=4.9532  val/flow_loss=0.0324  val/seg_iou=0.0002
2026-06-13 09:28:25 | train_stone_recon | Epoch   32  train/loss=0.1433  train/flow_loss=0.0036  train/seg_loss=0.1377  train/chamfer_loss=0.0041  train/seg_iou=0.7440  train/seg_f1=0.8532  val/loss=4.9532  val/flow_loss=0.0324  val/seg_iou=0.0002
2026-06-13 09:30:27 | train_stone_recon | Epoch   33  train/loss=0.1993  train/flow_loss=0.0878  train/seg_loss=0.1093  train/chamfer_loss=0.0044  train/seg_iou=0.7281  train/seg_f1=0.8426  val/loss=4.9532  val/flow_loss=0.0324  val/seg_iou=0.0002
2026-06-13 09:32:54 | train_stone_recon | Epoch   34  train/loss=0.1979  train/flow_loss=0.0047  train/seg_loss=0.1908  train/chamfer_loss=0.0048  train/seg_iou=0.5014  train/seg_f1=0.6679  val/loss=9.0492  val/flow_loss=0.0237  val/seg_iou=0.0007
2026-06-13 09:34:59 | train_stone_recon | Epoch   35  train/loss=0.1341  train/flow_loss=0.0068  train/seg_loss=0.1252  train/chamfer_loss=0.0043  train/seg_iou=0.6122  train/seg_f1=0.7594  val/loss=9.0492  val/flow_loss=0.0237  val/seg_iou=0.0007
2026-06-13 09:37:02 | train_stone_recon | Epoch   36  train/loss=0.2157  train/flow_loss=0.0900  train/seg_loss=0.1239  train/chamfer_loss=0.0037  train/seg_iou=0.6788  train/seg_f1=0.8087  val/loss=9.0492  val/flow_loss=0.0237  val/seg_iou=0.0007
2026-06-13 09:39:08 | train_stone_recon | Epoch   37  train/loss=0.1501  train/flow_loss=0.0142  train/seg_loss=0.1339  train/chamfer_loss=0.0041  train/seg_iou=0.6894  train/seg_f1=0.8161  val/loss=9.0492  val/flow_loss=0.0237  val/seg_iou=0.0007
2026-06-13 09:41:09 | train_stone_recon | Epoch   38  train/loss=0.1560  train/flow_loss=0.0018  train/seg_loss=0.1511  train/chamfer_loss=0.0062  train/seg_iou=0.7494  train/seg_f1=0.8567  val/loss=9.0492  val/flow_loss=0.0237  val/seg_iou=0.0007
2026-06-13 09:43:35 | train_stone_recon | Epoch   39  train/loss=0.1014  train/flow_loss=0.0060  train/seg_loss=0.0934  train/chamfer_loss=0.0039  train/seg_iou=0.6455  train/seg_f1=0.7846  val/loss=7.5207  val/flow_loss=0.0320  val/seg_iou=0.0081
2026-06-13 09:45:39 | train_stone_recon | Epoch   40  train/loss=0.3247  train/flow_loss=0.1824  train/seg_loss=0.1398  train/chamfer_loss=0.0050  train/seg_iou=0.8245  train/seg_f1=0.9038  val/loss=7.5207  val/flow_loss=0.0320  val/seg_iou=0.0081
2026-06-13 09:47:39 | train_stone_recon | Epoch   41  train/loss=0.1252  train/flow_loss=0.0093  train/seg_loss=0.1141  train/chamfer_loss=0.0037  train/seg_iou=0.6552  train/seg_f1=0.7917  val/loss=7.5207  val/flow_loss=0.0320  val/seg_iou=0.0081
2026-06-13 09:49:46 | train_stone_recon | Epoch   42  train/loss=0.1504  train/flow_loss=0.0198  train/seg_loss=0.1284  train/chamfer_loss=0.0045  train/seg_iou=0.7883  train/seg_f1=0.8816  val/loss=7.5207  val/flow_loss=0.0320  val/seg_iou=0.0081
2026-06-13 09:51:53 | train_stone_recon | Epoch   43  train/loss=0.1668  train/flow_loss=0.0172  train/seg_loss=0.1471  train/chamfer_loss=0.0050  train/seg_iou=0.6887  train/seg_f1=0.8156  val/loss=7.5207  val/flow_loss=0.0320  val/seg_iou=0.0081
2026-06-13 09:54:11 | train_stone_recon | Epoch   44  train/loss=0.1067  train/flow_loss=0.0024  train/seg_loss=0.1023  train/chamfer_loss=0.0041  train/seg_iou=0.5959  train/seg_f1=0.7468  val/loss=4.6564  val/flow_loss=0.0475  val/seg_iou=0.1486
2026-06-13 09:56:15 | train_stone_recon | Epoch   45  train/loss=0.1832  train/flow_loss=0.0704  train/seg_loss=0.1109  train/chamfer_loss=0.0036  train/seg_iou=0.7283  train/seg_f1=0.8428  val/loss=4.6564  val/flow_loss=0.0475  val/seg_iou=0.1486
2026-06-13 09:58:19 | train_stone_recon | Epoch   46  train/loss=0.1110  train/flow_loss=0.0131  train/seg_loss=0.0960  train/chamfer_loss=0.0038  train/seg_iou=0.7128  train/seg_f1=0.8324  val/loss=4.6564  val/flow_loss=0.0475  val/seg_iou=0.1486
2026-06-13 10:00:24 | train_stone_recon | Epoch   47  train/loss=0.1037  train/flow_loss=0.0119  train/seg_loss=0.0897  train/chamfer_loss=0.0042  train/seg_iou=0.6234  train/seg_f1=0.7681  val/loss=4.6564  val/flow_loss=0.0475  val/seg_iou=0.1486
2026-06-13 10:02:31 | train_stone_recon | Epoch   48  train/loss=0.1595  train/flow_loss=0.0041  train/seg_loss=0.1529  train/chamfer_loss=0.0049  train/seg_iou=0.7830  train/seg_f1=0.8783  val/loss=4.6564  val/flow_loss=0.0475  val/seg_iou=0.1486
2026-06-13 10:04:51 | train_stone_recon | Epoch   49  train/loss=0.1523  train/flow_loss=0.0040  train/seg_loss=0.1462  train/chamfer_loss=0.0041  train/seg_iou=0.7638  train/seg_f1=0.8661  val/loss=7.8921  val/flow_loss=0.0308  val/seg_iou=0.0069
2026-06-13 10:06:57 | train_stone_recon | Epoch   50  train/loss=0.1196  train/flow_loss=0.0010  train/seg_loss=0.1168  train/chamfer_loss=0.0036  train/seg_iou=0.7242  train/seg_f1=0.8400  val/loss=7.8921  val/flow_loss=0.0308  val/seg_iou=0.0069
2026-06-13 10:09:02 | train_stone_recon | Epoch   51  train/loss=0.1928  train/flow_loss=0.0640  train/seg_loss=0.1267  train/chamfer_loss=0.0042  train/seg_iou=0.6450  train/seg_f1=0.7842  val/loss=7.8921  val/flow_loss=0.0308  val/seg_iou=0.0069
2026-06-13 10:11:08 | train_stone_recon | Epoch   52  train/loss=0.1705  train/flow_loss=0.0111  train/seg_loss=0.1569  train/chamfer_loss=0.0050  train/seg_iou=0.7179  train/seg_f1=0.8358  val/loss=7.8921  val/flow_loss=0.0308  val/seg_iou=0.0069
2026-06-13 10:13:16 | train_stone_recon | Epoch   53  train/loss=0.0923  train/flow_loss=0.0046  train/seg_loss=0.0860  train/chamfer_loss=0.0034  train/seg_iou=0.6904  train/seg_f1=0.8168  val/loss=7.8921  val/flow_loss=0.0308  val/seg_iou=0.0069
2026-06-13 10:15:53 | train_stone_recon | Epoch   54  train/loss=0.1584  train/flow_loss=0.0345  train/seg_loss=0.1219  train/chamfer_loss=0.0040  train/seg_iou=0.7721  train/seg_f1=0.8714  val/loss=9.8100  val/flow_loss=0.0523  val/seg_iou=0.0152
2026-06-13 10:18:02 | train_stone_recon | Epoch   55  train/loss=0.1167  train/flow_loss=0.0015  train/seg_loss=0.1125  train/chamfer_loss=0.0055  train/seg_iou=0.6756  train/seg_f1=0.8064  val/loss=9.8100  val/flow_loss=0.0523  val/seg_iou=0.0152
2026-06-13 10:20:10 | train_stone_recon | Epoch   56  train/loss=0.2802  train/flow_loss=0.1251  train/seg_loss=0.1530  train/chamfer_loss=0.0043  train/seg_iou=0.7112  train/seg_f1=0.8312  val/loss=9.8100  val/flow_loss=0.0523  val/seg_iou=0.0152
2026-06-13 10:22:14 | train_stone_recon | Epoch   57  train/loss=0.0954  train/flow_loss=0.0028  train/seg_loss=0.0912  train/chamfer_loss=0.0030  train/seg_iou=0.5430  train/seg_f1=0.7039  val/loss=9.8100  val/flow_loss=0.0523  val/seg_iou=0.0152
2026-06-13 10:24:13 | train_stone_recon | Epoch   58  train/loss=0.1197  train/flow_loss=0.0069  train/seg_loss=0.1110  train/chamfer_loss=0.0036  train/seg_iou=0.6630  train/seg_f1=0.7974  val/loss=9.8100  val/flow_loss=0.0523  val/seg_iou=0.0152
2026-06-13 10:26:44 | train_stone_recon | Epoch   59  train/loss=0.1379  train/flow_loss=0.0043  train/seg_loss=0.1313  train/chamfer_loss=0.0047  train/seg_iou=0.7306  train/seg_f1=0.8443  val/loss=8.3337  val/flow_loss=0.0443  val/seg_iou=0.1118
2026-06-13 10:28:46 | train_stone_recon | Epoch   60  train/loss=0.1622  train/flow_loss=0.0490  train/seg_loss=0.1113  train/chamfer_loss=0.0039  train/seg_iou=0.6622  train/seg_f1=0.7968  val/loss=8.3337  val/flow_loss=0.0443  val/seg_iou=0.1118
2026-06-13 10:30:46 | train_stone_recon | Epoch   61  train/loss=0.0943  train/flow_loss=0.0021  train/seg_loss=0.0905  train/chamfer_loss=0.0033  train/seg_iou=0.7198  train/seg_f1=0.8370  val/loss=8.3337  val/flow_loss=0.0443  val/seg_iou=0.1118
2026-06-13 10:32:56 | train_stone_recon | Epoch   62  train/loss=0.0718  train/flow_loss=0.0018  train/seg_loss=0.0681  train/chamfer_loss=0.0036  train/seg_iou=0.6323  train/seg_f1=0.7747  val/loss=8.3337  val/flow_loss=0.0443  val/seg_iou=0.1118
2026-06-13 10:35:03 | train_stone_recon | Epoch   63  train/loss=0.1016  train/flow_loss=0.0081  train/seg_loss=0.0915  train/chamfer_loss=0.0040  train/seg_iou=0.7232  train/seg_f1=0.8394  val/loss=8.3337  val/flow_loss=0.0443  val/seg_iou=0.1118
2026-06-13 10:37:20 | train_stone_recon | Epoch   64  train/loss=0.2440  train/flow_loss=0.1220  train/seg_loss=0.1202  train/chamfer_loss=0.0036  train/seg_iou=0.6374  train/seg_f1=0.7785  val/loss=7.7446  val/flow_loss=0.0591  val/seg_iou=0.2252
2026-06-13 10:39:20 | train_stone_recon | Epoch   65  train/loss=0.1370  train/flow_loss=0.0245  train/seg_loss=0.1103  train/chamfer_loss=0.0046  train/seg_iou=0.6890  train/seg_f1=0.8158  val/loss=7.7446  val/flow_loss=0.0591  val/seg_iou=0.2252
2026-06-13 10:41:22 | train_stone_recon | Epoch   66  train/loss=0.2396  train/flow_loss=0.1242  train/seg_loss=0.1133  train/chamfer_loss=0.0043  train/seg_iou=0.7131  train/seg_f1=0.8325  val/loss=7.7446  val/flow_loss=0.0591  val/seg_iou=0.2252
2026-06-13 10:43:21 | train_stone_recon | Epoch   67  train/loss=0.1405  train/flow_loss=0.0020  train/seg_loss=0.1365  train/chamfer_loss=0.0040  train/seg_iou=0.7385  train/seg_f1=0.8496  val/loss=7.7446  val/flow_loss=0.0591  val/seg_iou=0.2252
2026-06-13 10:45:25 | train_stone_recon | Epoch   68  train/loss=0.1299  train/flow_loss=0.0097  train/seg_loss=0.1182  train/chamfer_loss=0.0039  train/seg_iou=0.6733  train/seg_f1=0.8048  val/loss=7.7446  val/flow_loss=0.0591  val/seg_iou=0.2252
2026-06-13 10:47:47 | train_stone_recon | Epoch   69  train/loss=0.1567  train/flow_loss=0.0048  train/seg_loss=0.1497  train/chamfer_loss=0.0043  train/seg_iou=0.6420  train/seg_f1=0.7819  val/loss=7.9074  val/flow_loss=0.0611  val/seg_iou=0.0202
2026-06-13 10:49:51 | train_stone_recon | Epoch   70  train/loss=0.1086  train/flow_loss=0.0035  train/seg_loss=0.1032  train/chamfer_loss=0.0038  train/seg_iou=0.6755  train/seg_f1=0.8063  val/loss=7.9074  val/flow_loss=0.0611  val/seg_iou=0.0202
2026-06-13 10:51:54 | train_stone_recon | Epoch   71  train/loss=0.2130  train/flow_loss=0.1251  train/seg_loss=0.0861  train/chamfer_loss=0.0035  train/seg_iou=0.7254  train/seg_f1=0.8409  val/loss=7.9074  val/flow_loss=0.0611  val/seg_iou=0.0202
2026-06-13 10:53:57 | train_stone_recon | Epoch   72  train/loss=0.2139  train/flow_loss=0.0783  train/seg_loss=0.1335  train/chamfer_loss=0.0043  train/seg_iou=0.8055  train/seg_f1=0.8922  val/loss=7.9074  val/flow_loss=0.0611  val/seg_iou=0.0202
2026-06-13 10:56:00 | train_stone_recon | Epoch   73  train/loss=0.1142  train/flow_loss=0.0031  train/seg_loss=0.1093  train/chamfer_loss=0.0037  train/seg_iou=0.7414  train/seg_f1=0.8515  val/loss=7.9074  val/flow_loss=0.0611  val/seg_iou=0.0202
2026-06-13 10:58:26 | train_stone_recon | Epoch   74  train/loss=0.1236  train/flow_loss=0.0141  train/seg_loss=0.1072  train/chamfer_loss=0.0045  train/seg_iou=0.7174  train/seg_f1=0.8355  val/loss=6.0672  val/flow_loss=0.0510  val/seg_iou=0.0416
2026-06-13 11:00:32 | train_stone_recon | Epoch   75  train/loss=0.1174  train/flow_loss=0.0069  train/seg_loss=0.1087  train/chamfer_loss=0.0036  train/seg_iou=0.7008  train/seg_f1=0.8241  val/loss=6.0672  val/flow_loss=0.0510  val/seg_iou=0.0416
2026-06-13 11:02:38 | train_stone_recon | Epoch   76  train/loss=0.1168  train/flow_loss=0.0017  train/seg_loss=0.1130  train/chamfer_loss=0.0042  train/seg_iou=0.7201  train/seg_f1=0.8373  val/loss=6.0672  val/flow_loss=0.0510  val/seg_iou=0.0416
2026-06-13 11:04:42 | train_stone_recon | Epoch   77  train/loss=0.1387  train/flow_loss=0.0062  train/seg_loss=0.1303  train/chamfer_loss=0.0043  train/seg_iou=0.7374  train/seg_f1=0.8488  val/loss=6.0672  val/flow_loss=0.0510  val/seg_iou=0.0416
2026-06-13 11:06:48 | train_stone_recon | Epoch   78  train/loss=0.1247  train/flow_loss=0.0047  train/seg_loss=0.1179  train/chamfer_loss=0.0043  train/seg_iou=0.7280  train/seg_f1=0.8426  val/loss=6.0672  val/flow_loss=0.0510  val/seg_iou=0.0416
2026-06-13 11:09:09 | train_stone_recon | Epoch   79  train/loss=0.0960  train/flow_loss=0.0023  train/seg_loss=0.0920  train/chamfer_loss=0.0034  train/seg_iou=0.7009  train/seg_f1=0.8242  val/loss=10.3048  val/flow_loss=0.0380  val/seg_iou=0.0575
2026-06-13 11:11:23 | train_stone_recon | Epoch   80  train/loss=0.1691  train/flow_loss=0.0440  train/seg_loss=0.1231  train/chamfer_loss=0.0040  train/seg_iou=0.7325  train/seg_f1=0.8456  val/loss=10.3048  val/flow_loss=0.0380  val/seg_iou=0.0575
2026-06-13 11:13:23 | train_stone_recon | Epoch   81  train/loss=0.1440  train/flow_loss=0.0084  train/seg_loss=0.1335  train/chamfer_loss=0.0042  train/seg_iou=0.6920  train/seg_f1=0.8180  val/loss=10.3048  val/flow_loss=0.0380  val/seg_iou=0.0575
2026-06-13 11:15:27 | train_stone_recon | Epoch   82  train/loss=0.2670  train/flow_loss=0.1265  train/seg_loss=0.1386  train/chamfer_loss=0.0038  train/seg_iou=0.7864  train/seg_f1=0.8804  val/loss=10.3048  val/flow_loss=0.0380  val/seg_iou=0.0575
2026-06-13 11:17:29 | train_stone_recon | Epoch   83  train/loss=0.2613  train/flow_loss=0.1269  train/seg_loss=0.1323  train/chamfer_loss=0.0043  train/seg_iou=0.7474  train/seg_f1=0.8554  val/loss=10.3048  val/flow_loss=0.0380  val/seg_iou=0.0575
2026-06-13 11:19:56 | train_stone_recon | Epoch   84  train/loss=0.1034  train/flow_loss=0.0069  train/seg_loss=0.0947  train/chamfer_loss=0.0036  train/seg_iou=0.7298  train/seg_f1=0.8438  val/loss=7.5748  val/flow_loss=0.0534  val/seg_iou=0.0022
2026-06-13 11:22:03 | train_stone_recon | Epoch   85  train/loss=0.0698  train/flow_loss=0.0006  train/seg_loss=0.0673  train/chamfer_loss=0.0038  train/seg_iou=0.7285  train/seg_f1=0.8429  val/loss=7.5748  val/flow_loss=0.0534  val/seg_iou=0.0022
2026-06-13 11:24:14 | train_stone_recon | Epoch   86  train/loss=0.0966  train/flow_loss=0.0022  train/seg_loss=0.0927  train/chamfer_loss=0.0034  train/seg_iou=0.6453  train/seg_f1=0.7844  val/loss=7.5748  val/flow_loss=0.0534  val/seg_iou=0.0022
2026-06-13 11:26:30 | train_stone_recon | Epoch   87  train/loss=0.2153  train/flow_loss=0.0623  train/seg_loss=0.1507  train/chamfer_loss=0.0045  train/seg_iou=0.7035  train/seg_f1=0.8260  val/loss=7.5748  val/flow_loss=0.0534  val/seg_iou=0.0022
2026-06-13 11:28:36 | train_stone_recon | Epoch   88  train/loss=0.0960  train/flow_loss=0.0047  train/seg_loss=0.0894  train/chamfer_loss=0.0037  train/seg_iou=0.6153  train/seg_f1=0.7618  val/loss=7.5748  val/flow_loss=0.0534  val/seg_iou=0.0022
2026-06-13 11:30:55 | train_stone_recon | Epoch   89  train/loss=0.1396  train/flow_loss=0.0048  train/seg_loss=0.1327  train/chamfer_loss=0.0042  train/seg_iou=0.7753  train/seg_f1=0.8734  val/loss=5.4420  val/flow_loss=0.0296  val/seg_iou=0.2371
2026-06-13 11:32:59 | train_stone_recon | Epoch   90  train/loss=0.1490  train/flow_loss=0.0222  train/seg_loss=0.1247  train/chamfer_loss=0.0041  train/seg_iou=0.7339  train/seg_f1=0.8465  val/loss=5.4420  val/flow_loss=0.0296  val/seg_iou=0.2371
2026-06-13 11:35:02 | train_stone_recon | Epoch   91  train/loss=0.1474  train/flow_loss=0.0036  train/seg_loss=0.1416  train/chamfer_loss=0.0044  train/seg_iou=0.7791  train/seg_f1=0.8759  val/loss=5.4420  val/flow_loss=0.0296  val/seg_iou=0.2371
2026-06-13 11:37:13 | train_stone_recon | Epoch   92  train/loss=0.1784  train/flow_loss=0.0664  train/seg_loss=0.1101  train/chamfer_loss=0.0037  train/seg_iou=0.6565  train/seg_f1=0.7926  val/loss=5.4420  val/flow_loss=0.0296  val/seg_iou=0.2371
2026-06-13 11:39:19 | train_stone_recon | Epoch   93  train/loss=0.1316  train/flow_loss=0.0013  train/seg_loss=0.1284  train/chamfer_loss=0.0038  train/seg_iou=0.6776  train/seg_f1=0.8078  val/loss=5.4420  val/flow_loss=0.0296  val/seg_iou=0.2371
2026-06-13 11:41:42 | train_stone_recon | Epoch   94  train/loss=0.0842  train/flow_loss=0.0023  train/seg_loss=0.0801  train/chamfer_loss=0.0036  train/seg_iou=0.7474  train/seg_f1=0.8554  val/loss=4.0333  val/flow_loss=0.0447  val/seg_iou=0.2258
2026-06-13 11:43:44 | train_stone_recon | Epoch   95  train/loss=0.1491  train/flow_loss=0.0149  train/seg_loss=0.1320  train/chamfer_loss=0.0045  train/seg_iou=0.7414  train/seg_f1=0.8515  val/loss=4.0333  val/flow_loss=0.0447  val/seg_iou=0.2258
2026-06-13 11:45:46 | train_stone_recon | Epoch   96  train/loss=0.1396  train/flow_loss=0.0045  train/seg_loss=0.1330  train/chamfer_loss=0.0043  train/seg_iou=0.7543  train/seg_f1=0.8599  val/loss=4.0333  val/flow_loss=0.0447  val/seg_iou=0.2258
2026-06-13 11:47:49 | train_stone_recon | Epoch   97  train/loss=0.1897  train/flow_loss=0.0862  train/seg_loss=0.1016  train/chamfer_loss=0.0039  train/seg_iou=0.6932  train/seg_f1=0.8188  val/loss=4.0333  val/flow_loss=0.0447  val/seg_iou=0.2258
2026-06-13 11:49:54 | train_stone_recon | Epoch   98  train/loss=0.1326  train/flow_loss=0.0205  train/seg_loss=0.1103  train/chamfer_loss=0.0037  train/seg_iou=0.7248  train/seg_f1=0.8404  val/loss=4.0333  val/flow_loss=0.0447  val/seg_iou=0.2258
2026-06-13 11:52:16 | train_stone_recon | Epoch   99  train/loss=0.1095  train/flow_loss=0.0043  train/seg_loss=0.1033  train/chamfer_loss=0.0036  train/seg_iou=0.6434  train/seg_f1=0.7830  val/loss=5.9786  val/flow_loss=0.0345  val/seg_iou=0.3559
2026-06-13 11:54:21 | train_stone_recon | Epoch  100  train/loss=0.0877  train/flow_loss=0.0007  train/seg_loss=0.0850  train/chamfer_loss=0.0040  train/seg_iou=0.7052  train/seg_f1=0.8271  val/loss=5.9786  val/flow_loss=0.0345  val/seg_iou=0.3559
2026-06-13 11:56:24 | train_stone_recon | Epoch  101  train/loss=0.1568  train/flow_loss=0.0456  train/seg_loss=0.1095  train/chamfer_loss=0.0035  train/seg_iou=0.6917  train/seg_f1=0.8177  val/loss=5.9786  val/flow_loss=0.0345  val/seg_iou=0.3559
2026-06-13 11:58:28 | train_stone_recon | Epoch  102  train/loss=0.2343  train/flow_loss=0.1206  train/seg_loss=0.1116  train/chamfer_loss=0.0042  train/seg_iou=0.7752  train/seg_f1=0.8734  val/loss=5.9786  val/flow_loss=0.0345  val/seg_iou=0.3559
2026-06-13 12:00:27 | train_stone_recon | Epoch  103  train/loss=0.1910  train/flow_loss=0.0026  train/seg_loss=0.1865  train/chamfer_loss=0.0039  train/seg_iou=0.7549  train/seg_f1=0.8603  val/loss=5.9786  val/flow_loss=0.0345  val/seg_iou=0.3559
2026-06-13 12:02:53 | train_stone_recon | Epoch  104  train/loss=0.2124  train/flow_loss=0.0945  train/seg_loss=0.1159  train/chamfer_loss=0.0042  train/seg_iou=0.7176  train/seg_f1=0.8356  val/loss=4.3497  val/flow_loss=0.0454  val/seg_iou=0.2964
2026-06-13 12:04:58 | train_stone_recon | Epoch  105  train/loss=0.1171  train/flow_loss=0.0007  train/seg_loss=0.1146  train/chamfer_loss=0.0036  train/seg_iou=0.7122  train/seg_f1=0.8319  val/loss=4.3497  val/flow_loss=0.0454  val/seg_iou=0.2964
2026-06-13 12:07:05 | train_stone_recon | Epoch  106  train/loss=0.1084  train/flow_loss=0.0096  train/seg_loss=0.0966  train/chamfer_loss=0.0044  train/seg_iou=0.7372  train/seg_f1=0.8487  val/loss=4.3497  val/flow_loss=0.0454  val/seg_iou=0.2964
2026-06-13 12:09:12 | train_stone_recon | Epoch  107  train/loss=0.0925  train/flow_loss=0.0035  train/seg_loss=0.0873  train/chamfer_loss=0.0034  train/seg_iou=0.6458  train/seg_f1=0.7848  val/loss=4.3497  val/flow_loss=0.0454  val/seg_iou=0.2964
2026-06-13 12:11:16 | train_stone_recon | Epoch  108  train/loss=0.2569  train/flow_loss=0.1658  train/seg_loss=0.0893  train/chamfer_loss=0.0035  train/seg_iou=0.7164  train/seg_f1=0.8347  val/loss=4.3497  val/flow_loss=0.0454  val/seg_iou=0.2964
2026-06-13 12:13:38 | train_stone_recon | Epoch  109  train/loss=0.1098  train/flow_loss=0.0068  train/seg_loss=0.1014  train/chamfer_loss=0.0033  train/seg_iou=0.7314  train/seg_f1=0.8449  val/loss=8.3582  val/flow_loss=0.0466  val/seg_iou=0.0749
2026-06-13 12:15:43 | train_stone_recon | Epoch  110  train/loss=0.1362  train/flow_loss=0.0088  train/seg_loss=0.1254  train/chamfer_loss=0.0039  train/seg_iou=0.7192  train/seg_f1=0.8367  val/loss=8.3582  val/flow_loss=0.0466  val/seg_iou=0.0749
2026-06-13 12:17:47 | train_stone_recon | Epoch  111  train/loss=0.2158  train/flow_loss=0.0897  train/seg_loss=0.1243  train/chamfer_loss=0.0036  train/seg_iou=0.7824  train/seg_f1=0.8779  val/loss=8.3582  val/flow_loss=0.0466  val/seg_iou=0.0749
2026-06-13 12:19:49 | train_stone_recon | Epoch  112  train/loss=0.1274  train/flow_loss=0.0479  train/seg_loss=0.0777  train/chamfer_loss=0.0037  train/seg_iou=0.7620  train/seg_f1=0.8649  val/loss=8.3582  val/flow_loss=0.0466  val/seg_iou=0.0749
2026-06-13 12:21:54 | train_stone_recon | Epoch  113  train/loss=0.1252  train/flow_loss=0.0211  train/seg_loss=0.1024  train/chamfer_loss=0.0034  train/seg_iou=0.6951  train/seg_f1=0.8201  val/loss=8.3582  val/flow_loss=0.0466  val/seg_iou=0.0749
2026-06-13 12:24:17 | train_stone_recon | Epoch  114  train/loss=0.1544  train/flow_loss=0.0261  train/seg_loss=0.1263  train/chamfer_loss=0.0040  train/seg_iou=0.7763  train/seg_f1=0.8741  val/loss=2.3322  val/flow_loss=0.0408  val/seg_iou=0.2668
2026-06-13 12:26:17 | train_stone_recon | Epoch  115  train/loss=0.1379  train/flow_loss=0.0673  train/seg_loss=0.0691  train/chamfer_loss=0.0031  train/seg_iou=0.6680  train/seg_f1=0.8009  val/loss=2.3322  val/flow_loss=0.0408  val/seg_iou=0.2668
2026-06-13 12:28:19 | train_stone_recon | Epoch  116  train/loss=0.2249  train/flow_loss=0.0987  train/seg_loss=0.1241  train/chamfer_loss=0.0043  train/seg_iou=0.7591  train/seg_f1=0.8631  val/loss=2.3322  val/flow_loss=0.0408  val/seg_iou=0.2668
2026-06-13 12:30:26 | train_stone_recon | Epoch  117  train/loss=0.1374  train/flow_loss=0.0004  train/seg_loss=0.1349  train/chamfer_loss=0.0042  train/seg_iou=0.8045  train/seg_f1=0.8916  val/loss=2.3322  val/flow_loss=0.0408  val/seg_iou=0.2668
2026-06-13 12:32:31 | train_stone_recon | Epoch  118  train/loss=0.0919  train/flow_loss=0.0042  train/seg_loss=0.0860  train/chamfer_loss=0.0035  train/seg_iou=0.6946  train/seg_f1=0.8198  val/loss=2.3322  val/flow_loss=0.0408  val/seg_iou=0.2668
2026-06-13 12:34:58 | train_stone_recon | Epoch  119  train/loss=0.1519  train/flow_loss=0.0598  train/seg_loss=0.0902  train/chamfer_loss=0.0038  train/seg_iou=0.7858  train/seg_f1=0.8800  val/loss=5.8167  val/flow_loss=0.0391  val/seg_iou=0.2880
2026-06-13 12:37:01 | train_stone_recon | Epoch  120  train/loss=0.1195  train/flow_loss=0.0057  train/seg_loss=0.1122  train/chamfer_loss=0.0032  train/seg_iou=0.6270  train/seg_f1=0.7708  val/loss=5.8167  val/flow_loss=0.0391  val/seg_iou=0.2880
2026-06-13 12:39:09 | train_stone_recon | Epoch  121  train/loss=0.1101  train/flow_loss=0.0031  train/seg_loss=0.1053  train/chamfer_loss=0.0035  train/seg_iou=0.7447  train/seg_f1=0.8537  val/loss=5.8167  val/flow_loss=0.0391  val/seg_iou=0.2880
2026-06-13 12:41:12 | train_stone_recon | Epoch  122  train/loss=0.2093  train/flow_loss=0.1132  train/seg_loss=0.0943  train/chamfer_loss=0.0038  train/seg_iou=0.7926  train/seg_f1=0.8843  val/loss=5.8167  val/flow_loss=0.0391  val/seg_iou=0.2880
2026-06-13 12:43:25 | train_stone_recon | Epoch  123  train/loss=0.1242  train/flow_loss=0.0009  train/seg_loss=0.1214  train/chamfer_loss=0.0037  train/seg_iou=0.7423  train/seg_f1=0.8521  val/loss=5.8167  val/flow_loss=0.0391  val/seg_iou=0.2880
2026-06-13 12:45:39 | train_stone_recon | Epoch  124  train/loss=0.1602  train/flow_loss=0.0589  train/seg_loss=0.0995  train/chamfer_loss=0.0036  train/seg_iou=0.6979  train/seg_f1=0.8221  val/loss=4.0348  val/flow_loss=0.0494  val/seg_iou=0.2082
2026-06-13 12:47:41 | train_stone_recon | Epoch  125  train/loss=0.1035  train/flow_loss=0.0026  train/seg_loss=0.0991  train/chamfer_loss=0.0036  train/seg_iou=0.7626  train/seg_f1=0.8653  val/loss=4.0348  val/flow_loss=0.0494  val/seg_iou=0.2082
2026-06-13 12:49:44 | train_stone_recon | Epoch  126  train/loss=0.1341  train/flow_loss=0.0060  train/seg_loss=0.1259  train/chamfer_loss=0.0043  train/seg_iou=0.7564  train/seg_f1=0.8613  val/loss=4.0348  val/flow_loss=0.0494  val/seg_iou=0.2082
2026-06-13 12:51:44 | train_stone_recon | Epoch  127  train/loss=0.1251  train/flow_loss=0.0156  train/seg_loss=0.1078  train/chamfer_loss=0.0034  train/seg_iou=0.7570  train/seg_f1=0.8617  val/loss=4.0348  val/flow_loss=0.0494  val/seg_iou=0.2082
2026-06-13 12:53:43 | train_stone_recon | Epoch  128  train/loss=0.1462  train/flow_loss=0.0010  train/seg_loss=0.1430  train/chamfer_loss=0.0044  train/seg_iou=0.7334  train/seg_f1=0.8462  val/loss=4.0348  val/flow_loss=0.0494  val/seg_iou=0.2082
2026-06-13 12:56:01 | train_stone_recon | Epoch  129  train/loss=0.1213  train/flow_loss=0.0012  train/seg_loss=0.1181  train/chamfer_loss=0.0040  train/seg_iou=0.7224  train/seg_f1=0.8388  val/loss=4.6206  val/flow_loss=0.0185  val/seg_iou=0.3615
2026-06-13 12:58:00 | train_stone_recon | Epoch  130  train/loss=0.1600  train/flow_loss=0.0599  train/seg_loss=0.0984  train/chamfer_loss=0.0033  train/seg_iou=0.6995  train/seg_f1=0.8232  val/loss=4.6206  val/flow_loss=0.0185  val/seg_iou=0.3615
2026-06-13 13:00:09 | train_stone_recon | Epoch  131  train/loss=0.1428  train/flow_loss=0.0010  train/seg_loss=0.1397  train/chamfer_loss=0.0042  train/seg_iou=0.7013  train/seg_f1=0.8244  val/loss=4.6206  val/flow_loss=0.0185  val/seg_iou=0.3615
2026-06-13 13:02:07 | train_stone_recon | Epoch  132  train/loss=0.0878  train/flow_loss=0.0028  train/seg_loss=0.0835  train/chamfer_loss=0.0030  train/seg_iou=0.6808  train/seg_f1=0.8101  val/loss=4.6206  val/flow_loss=0.0185  val/seg_iou=0.3615
2026-06-13 13:04:12 | train_stone_recon | Epoch  133  train/loss=0.1571  train/flow_loss=0.0199  train/seg_loss=0.1352  train/chamfer_loss=0.0041  train/seg_iou=0.7437  train/seg_f1=0.8530  val/loss=4.6206  val/flow_loss=0.0185  val/seg_iou=0.3615
2026-06-13 13:06:39 | train_stone_recon | Epoch  134  train/loss=0.1441  train/flow_loss=0.0081  train/seg_loss=0.1339  train/chamfer_loss=0.0041  train/seg_iou=0.7547  train/seg_f1=0.8602  val/loss=4.6618  val/flow_loss=0.0290  val/seg_iou=0.2629
2026-06-13 13:08:40 | train_stone_recon | Epoch  135  train/loss=0.1084  train/flow_loss=0.0010  train/seg_loss=0.1055  train/chamfer_loss=0.0038  train/seg_iou=0.7155  train/seg_f1=0.8342  val/loss=4.6618  val/flow_loss=0.0290  val/seg_iou=0.2629
2026-06-13 13:10:46 | train_stone_recon | Epoch  136  train/loss=0.1263  train/flow_loss=0.0089  train/seg_loss=0.1156  train/chamfer_loss=0.0038  train/seg_iou=0.7486  train/seg_f1=0.8563  val/loss=4.6618  val/flow_loss=0.0290  val/seg_iou=0.2629
2026-06-13 13:12:48 | train_stone_recon | Epoch  137  train/loss=0.1098  train/flow_loss=0.0014  train/seg_loss=0.1068  train/chamfer_loss=0.0033  train/seg_iou=0.7308  train/seg_f1=0.8444  val/loss=4.6618  val/flow_loss=0.0290  val/seg_iou=0.2629
2026-06-13 13:14:54 | train_stone_recon | Epoch  138  train/loss=0.1013  train/flow_loss=0.0287  train/seg_loss=0.0712  train/chamfer_loss=0.0030  train/seg_iou=0.7186  train/seg_f1=0.8363  val/loss=4.6618  val/flow_loss=0.0290  val/seg_iou=0.2629
2026-06-13 13:17:19 | train_stone_recon | Epoch  139  train/loss=0.1113  train/flow_loss=0.0076  train/seg_loss=0.1018  train/chamfer_loss=0.0037  train/seg_iou=0.7454  train/seg_f1=0.8541  val/loss=3.6149  val/flow_loss=0.0313  val/seg_iou=0.2643
2026-06-13 13:19:24 | train_stone_recon | Epoch  140  train/loss=0.1783  train/flow_loss=0.0760  train/seg_loss=0.1001  train/chamfer_loss=0.0042  train/seg_iou=0.7621  train/seg_f1=0.8650  val/loss=3.6149  val/flow_loss=0.0313  val/seg_iou=0.2643
2026-06-13 13:21:25 | train_stone_recon | Epoch  141  train/loss=0.1418  train/flow_loss=0.0142  train/seg_loss=0.1257  train/chamfer_loss=0.0039  train/seg_iou=0.7217  train/seg_f1=0.8384  val/loss=3.6149  val/flow_loss=0.0313  val/seg_iou=0.2643
2026-06-13 13:23:28 | train_stone_recon | Epoch  142  train/loss=0.1890  train/flow_loss=0.0685  train/seg_loss=0.1187  train/chamfer_loss=0.0037  train/seg_iou=0.7733  train/seg_f1=0.8722  val/loss=3.6149  val/flow_loss=0.0313  val/seg_iou=0.2643
2026-06-13 13:25:32 | train_stone_recon | Epoch  143  train/loss=0.1361  train/flow_loss=0.0207  train/seg_loss=0.1137  train/chamfer_loss=0.0035  train/seg_iou=0.7178  train/seg_f1=0.8357  val/loss=3.6149  val/flow_loss=0.0313  val/seg_iou=0.2643
2026-06-13 13:27:52 | train_stone_recon | Epoch  144  train/loss=0.1209  train/flow_loss=0.0017  train/seg_loss=0.1174  train/chamfer_loss=0.0034  train/seg_iou=0.7859  train/seg_f1=0.8801  val/loss=4.5504  val/flow_loss=0.0442  val/seg_iou=0.2721
2026-06-13 13:29:57 | train_stone_recon | Epoch  145  train/loss=0.1272  train/flow_loss=0.0191  train/seg_loss=0.1063  train/chamfer_loss=0.0036  train/seg_iou=0.7275  train/seg_f1=0.8423  val/loss=4.5504  val/flow_loss=0.0442  val/seg_iou=0.2721
2026-06-13 13:32:02 | train_stone_recon | Epoch  146  train/loss=0.1432  train/flow_loss=0.0403  train/seg_loss=0.1013  train/chamfer_loss=0.0031  train/seg_iou=0.6678  train/seg_f1=0.8008  val/loss=4.5504  val/flow_loss=0.0442  val/seg_iou=0.2721
2026-06-13 13:34:04 | train_stone_recon | Epoch  147  train/loss=0.1902  train/flow_loss=0.1026  train/seg_loss=0.0860  train/chamfer_loss=0.0032  train/seg_iou=0.6978  train/seg_f1=0.8220  val/loss=4.5504  val/flow_loss=0.0442  val/seg_iou=0.2721
2026-06-13 13:36:11 | train_stone_recon | Epoch  148  train/loss=0.1155  train/flow_loss=0.0143  train/seg_loss=0.0994  train/chamfer_loss=0.0035  train/seg_iou=0.7094  train/seg_f1=0.8300  val/loss=4.5504  val/flow_loss=0.0442  val/seg_iou=0.2721
2026-06-13 13:38:33 | train_stone_recon | Epoch  149  train/loss=0.0913  train/flow_loss=0.0029  train/seg_loss=0.0867  train/chamfer_loss=0.0034  train/seg_iou=0.7841  train/seg_f1=0.8790  val/loss=4.3971  val/flow_loss=0.0430  val/seg_iou=0.2491
2026-06-13 13:40:37 | train_stone_recon | Epoch  150  train/loss=0.0960  train/flow_loss=0.0003  train/seg_loss=0.0940  train/chamfer_loss=0.0034  train/seg_iou=0.7475  train/seg_f1=0.8555  val/loss=4.3971  val/flow_loss=0.0430  val/seg_iou=0.2491
2026-06-13 13:42:35 | train_stone_recon | Epoch  151  train/loss=0.1772  train/flow_loss=0.0758  train/seg_loss=0.0995  train/chamfer_loss=0.0037  train/seg_iou=0.7478  train/seg_f1=0.8557  val/loss=4.3971  val/flow_loss=0.0430  val/seg_iou=0.2491
2026-06-13 13:44:45 | train_stone_recon | Epoch  152  train/loss=0.0952  train/flow_loss=0.0015  train/seg_loss=0.0921  train/chamfer_loss=0.0032  train/seg_iou=0.7704  train/seg_f1=0.8703  val/loss=4.3971  val/flow_loss=0.0430  val/seg_iou=0.2491
2026-06-13 13:46:48 | train_stone_recon | Epoch  153  train/loss=0.2687  train/flow_loss=0.1409  train/seg_loss=0.1260  train/chamfer_loss=0.0036  train/seg_iou=0.7147  train/seg_f1=0.8336  val/loss=4.3971  val/flow_loss=0.0430  val/seg_iou=0.2491
2026-06-13 13:49:13 | train_stone_recon | Epoch  154  train/loss=0.2372  train/flow_loss=0.1340  train/seg_loss=0.1015  train/chamfer_loss=0.0035  train/seg_iou=0.7786  train/seg_f1=0.8755  val/loss=3.6670  val/flow_loss=0.0411  val/seg_iou=0.2848
2026-06-13 13:49:13 | train_stone_recon | Best checkpoint: /home/dilan/msc_research/StoneVolMain/volume_training_output/checkpoints/best-epoch=004-val/loss=1.1523.ckpt
2026-06-13 13:49:14 | train_stone_recon | Saved final model weights: volume_training_output/stone_recon_net.pt
2026-06-13 13:49:14 | train_stone_recon | ============================================================
2026-06-13 13:49:14 | train_stone_recon | TRAINING COMPLETE
2026-06-13 13:49:14 | train_stone_recon | Best checkpoint: /home/dilan/msc_research/StoneVolMain/volume_training_output/checkpoints/best-epoch=004-val/loss=1.1523.ckpt
2026-06-13 13:49:14 | train_stone_recon |   lr-AdamW                       = 0.000147
2026-06-13 13:49:14 | train_stone_recon |   train/chamfer_loss             = 0.003534
2026-06-13 13:49:14 | train_stone_recon |   train/flow_loss                = 0.133976
2026-06-13 13:49:14 | train_stone_recon |   train/loss                     = 0.237205
2026-06-13 13:49:14 | train_stone_recon |   train/seg_acc                  = 0.971773
2026-06-13 13:49:14 | train_stone_recon |   train/seg_f1                   = 0.875514
2026-06-13 13:49:14 | train_stone_recon |   train/seg_iou                  = 0.778590
2026-06-13 13:49:14 | train_stone_recon |   train/seg_loss                 = 0.101462
2026-06-13 13:49:14 | train_stone_recon |   train/seg_precision            = 0.788996
2026-06-13 13:49:14 | train_stone_recon |   train/seg_recall               = 0.983342
2026-06-13 13:49:14 | train_stone_recon |   train/seg_stone_ratio          = 0.100944
2026-06-13 13:49:14 | train_stone_recon |   val/chamfer_loss               = 0.003885
2026-06-13 13:49:14 | train_stone_recon |   val/flow_loss                  = 0.041067
2026-06-13 13:49:14 | train_stone_recon |   val/loss                       = 3.666983
2026-06-13 13:49:14 | train_stone_recon |   val/seg_acc                    = 0.931426
2026-06-13 13:49:14 | train_stone_recon |   val/seg_f1                     = 0.422395
2026-06-13 13:49:14 | train_stone_recon |   val/seg_iou                    = 0.284786
2026-06-13 13:49:14 | train_stone_recon |   val/seg_loss                   = 3.623974
2026-06-13 13:49:14 | train_stone_recon |   val/seg_precision              = 0.470294
2026-06-13 13:49:14 | train_stone_recon |   val/seg_recall                 = 0.438545
2026-06-13 13:49:14 | train_stone_recon |   val/seg_stone_ratio            = 0.069540
2026-06-13 13:49:14 | train_stone_recon | ============================================================
